2022-11-28 13:24:42.568  INFO 21016 --- [main] sc.ml.secusecum.SecuSecumApplication     : Starting SecuSecumApplication using Java 18.0.2 on DCIREODCPR32 with PID 21016 (C:\Users\kddiawara\Desktop\secu-secum\target\classes started by kddiawara in C:\Users\kddiawara\Desktop\secu-secum)
2022-11-28 13:24:42.568  INFO 21016 --- [main] sc.ml.secusecum.SecuSecumApplication     : No active profile set, falling back to 1 default profile: "default"
2022-11-28 13:24:43.560  INFO 21016 --- [main] .s.d.r.c.RepositoryConfigurationDelegate : Multiple Spring Data modules found, entering strict repository configuration mode
2022-11-28 13:24:43.560  INFO 21016 --- [main] .s.d.r.c.RepositoryConfigurationDelegate : Bootstrapping Spring Data JDBC repositories in DEFAULT mode.
2022-11-28 13:24:43.591  INFO 21016 --- [main] .RepositoryConfigurationExtensionSupport : Spring Data JDBC - Could not safely identify store assignment for repository candidate interface sc.ml.secusecum.Repository.PersonnesRepo; If you want this repository to be a JDBC repository, consider annotating your entities with one of these annotations: org.springframework.data.relational.core.mapping.Table.
2022-11-28 13:24:43.591  INFO 21016 --- [main] .RepositoryConfigurationExtensionSupport : Spring Data JDBC - Could not safely identify store assignment for repository candidate interface sc.ml.secusecum.Repository.RolesRepository; If you want this repository to be a JDBC repository, consider annotating your entities with one of these annotations: org.springframework.data.relational.core.mapping.Table.
2022-11-28 13:24:43.591  INFO 21016 --- [main] .s.d.r.c.RepositoryConfigurationDelegate : Finished Spring Data repository scanning in 28 ms. Found 0 JDBC repository interfaces.
2022-11-28 13:24:43.591  INFO 21016 --- [main] .s.d.r.c.RepositoryConfigurationDelegate : Multiple Spring Data modules found, entering strict repository configuration mode
2022-11-28 13:24:43.607  INFO 21016 --- [main] .s.d.r.c.RepositoryConfigurationDelegate : Bootstrapping Spring Data JPA repositories in DEFAULT mode.
2022-11-28 13:24:43.638  INFO 21016 --- [main] .s.d.r.c.RepositoryConfigurationDelegate : Finished Spring Data repository scanning in 31 ms. Found 2 JPA repository interfaces.
2022-11-28 13:24:44.315  INFO 21016 --- [main] o.s.b.w.embedded.tomcat.TomcatWebServer  : Tomcat initialized with port(s): 8080 (http)
2022-11-28 13:24:44.331  INFO 21016 --- [main] o.apache.catalina.core.StandardService   : Starting service [Tomcat]
2022-11-28 13:24:44.331  INFO 21016 --- [main] org.apache.catalina.core.StandardEngine  : Starting Servlet engine: [Apache Tomcat/9.0.68]
2022-11-28 13:24:44.465  INFO 21016 --- [main] o.a.c.c.C.[Tomcat].[localhost].[/]       : Initializing Spring embedded WebApplicationContext
2022-11-28 13:24:44.465  INFO 21016 --- [main] w.s.c.ServletWebServerApplicationContext : Root WebApplicationContext: initialization completed in 1803 ms
2022-11-28 13:24:44.689  INFO 21016 --- [main] o.hibernate.jpa.internal.util.LogHelper  : HHH000204: Processing PersistenceUnitInfo [name: default]
2022-11-28 13:24:44.736  INFO 21016 --- [main] org.hibernate.Version                    : HHH000412: Hibernate ORM core version 5.6.12.Final
2022-11-28 13:24:44.924  INFO 21016 --- [main] o.hibernate.annotations.common.Version   : HCANN000001: Hibernate Commons Annotations {5.1.2.Final}
2022-11-28 13:24:45.018  INFO 21016 --- [main] com.zaxxer.hikari.HikariDataSource       : HikariPool-1 - Starting...
2022-11-28 13:24:45.285  INFO 21016 --- [main] com.zaxxer.hikari.HikariDataSource       : HikariPool-1 - Start completed.
2022-11-28 13:24:45.300  INFO 21016 --- [main] org.hibernate.dialect.Dialect            : HHH000400: Using dialect: org.hibernate.dialect.MySQL5Dialect
2022-11-28 13:24:46.083  INFO 21016 --- [main] o.h.e.t.j.p.i.JtaPlatformInitiator       : HHH000490: Using JtaPlatform implementation: [org.hibernate.engine.transaction.jta.platform.internal.NoJtaPlatform]
2022-11-28 13:24:46.083  INFO 21016 --- [main] j.LocalContainerEntityManagerFactoryBean : Initialized JPA EntityManagerFactory for persistence unit 'default'
2022-11-28 13:24:46.742  INFO 21016 --- [main] o.s.s.web.DefaultSecurityFilterChain     : Will secure any request with [org.springframework.security.web.session.DisableEncodeUrlFilter@9c5d76b, org.springframework.security.web.context.request.async.WebAsyncManagerIntegrationFilter@7a14ab66, org.springframework.security.web.context.SecurityContextPersistenceFilter@7bf94e91, org.springframework.security.web.header.HeaderWriterFilter@5e5a2b74, org.springframework.security.web.authentication.logout.LogoutFilter@6956eb58, org.springframework.security.oauth2.client.web.OAuth2AuthorizationRequestRedirectFilter@7dbd70fd, org.springframework.security.oauth2.client.web.OAuth2LoginAuthenticationFilter@2cb53bfc, org.springframework.security.web.authentication.UsernamePasswordAuthenticationFilter@779448b8, org.springframework.security.web.authentication.ui.DefaultLoginPageGeneratingFilter@72e1e587, org.springframework.security.web.authentication.ui.DefaultLogoutPageGeneratingFilter@54780c40, org.springframework.security.oauth2.server.resource.web.BearerTokenAuthenticationFilter@2acbe46d, org.springframework.security.web.authentication.www.BasicAuthenticationFilter@1e160a9e, org.springframework.security.web.savedrequest.RequestCacheAwareFilter@32c08610, org.springframework.security.web.servletapi.SecurityContextHolderAwareRequestFilter@44ec4a38, org.springframework.security.web.authentication.AnonymousAuthenticationFilter@6ac83e67, org.springframework.security.web.session.SessionManagementFilter@50628080, org.springframework.security.web.access.ExceptionTranslationFilter@5f8d4b51, org.springframework.security.web.access.intercept.FilterSecurityInterceptor@7efba9b9]
2022-11-28 13:24:46.789  WARN 21016 --- [main] JpaBaseConfiguration$JpaWebConfiguration : spring.jpa.open-in-view is enabled by default. Therefore, database queries may be performed during view rendering. Explicitly configure spring.jpa.open-in-view to disable this warning
2022-11-28 13:24:47.150  INFO 21016 --- [main] o.s.b.w.embedded.tomcat.TomcatWebServer  : Tomcat started on port(s): 8080 (http) with context path ''
2022-11-28 13:24:47.150  INFO 21016 --- [main] sc.ml.secusecum.SecuSecumApplication     : Started SecuSecumApplication in 5.087 seconds (JVM running for 5.574)
2022-11-28 13:25:55.986  INFO 21016 --- [http-nio-8080-exec-2] o.a.c.c.C.[Tomcat].[localhost].[/]       : Initializing Spring DispatcherServlet 'dispatcherServlet'
2022-11-28 13:25:55.986  INFO 21016 --- [http-nio-8080-exec-2] o.s.web.servlet.DispatcherServlet        : Initializing Servlet 'dispatcherServlet'
2022-11-28 13:25:55.995  INFO 21016 --- [http-nio-8080-exec-2] o.s.web.servlet.DispatcherServlet        : Completed initialization in 9 ms
2022-11-28 13:25:56.172  WARN 21016 --- [http-nio-8080-exec-2] o.a.c.util.SessionIdGeneratorBase        : Creation of SecureRandom instance for session ID generation using [SHA1PRNG] took [105] milliseconds.
2022-11-28 13:27:11.598 ERROR 21016 --- [http-nio-8080-exec-6] s.m.s.S.PersonnaliserUserDetailService   : L'utilisateur trouver!
2022-11-28 13:54:36.870  WARN 21016 --- [HikariPool-1 housekeeper] com.zaxxer.hikari.pool.HikariPool        : HikariPool-1 - Thread starvation or clock leap detected (housekeeper delta=25m21s426ms998µs900ns).
2022-11-28 14:47:20.797  WARN 21016 --- [HikariPool-1 housekeeper] com.zaxxer.hikari.pool.HikariPool        : HikariPool-1 - Thread starvation or clock leap detected (housekeeper delta=4m6s322ms997µs800ns).
2022-11-28 16:23:28.330  WARN 21016 --- [HikariPool-1 housekeeper] com.zaxxer.hikari.pool.HikariPool        : HikariPool-1 - Thread starvation or clock leap detected (housekeeper delta=34m36s220ms296µs600ns).
2022-11-28 16:58:33.899  WARN 21016 --- [HikariPool-1 housekeeper] com.zaxxer.hikari.pool.HikariPool        : HikariPool-1 - Thread starvation or clock leap detected (housekeeper delta=13m5s414ms80µs800ns).
2022-11-28 17:12:25.643  INFO 21016 --- [SpringApplicationShutdownHook] j.LocalContainerEntityManagerFactoryBean : Closing JPA EntityManagerFactory for persistence unit 'default'
2022-11-28 17:12:25.752  INFO 21016 --- [SpringApplicationShutdownHook] com.zaxxer.hikari.HikariDataSource       : HikariPool-1 - Shutdown initiated...
2022-11-28 17:12:25.787  INFO 21016 --- [SpringApplicationShutdownHook] com.zaxxer.hikari.HikariDataSource       : HikariPool-1 - Shutdown completed.
2022-11-28 17:12:37.236  INFO 12604 --- [main] sc.ml.secusecum.SecuSecumApplication     : Starting SecuSecumApplication using Java 18.0.2 on DCIREODCPR32 with PID 12604 (C:\Users\kddiawara\Desktop\secu-secum\target\classes started by kddiawara in C:\Users\kddiawara\Desktop\secu-secum)
2022-11-28 17:12:37.236  INFO 12604 --- [main] sc.ml.secusecum.SecuSecumApplication     : No active profile set, falling back to 1 default profile: "default"
2022-11-28 17:12:38.048  INFO 12604 --- [main] .s.d.r.c.RepositoryConfigurationDelegate : Multiple Spring Data modules found, entering strict repository configuration mode
2022-11-28 17:12:38.048  INFO 12604 --- [main] .s.d.r.c.RepositoryConfigurationDelegate : Bootstrapping Spring Data JDBC repositories in DEFAULT mode.
2022-11-28 17:12:38.079  INFO 12604 --- [main] .RepositoryConfigurationExtensionSupport : Spring Data JDBC - Could not safely identify store assignment for repository candidate interface sc.ml.secusecum.Repository.PersonnesRepo; If you want this repository to be a JDBC repository, consider annotating your entities with one of these annotations: org.springframework.data.relational.core.mapping.Table.
2022-11-28 17:12:38.079  INFO 12604 --- [main] .RepositoryConfigurationExtensionSupport : Spring Data JDBC - Could not safely identify store assignment for repository candidate interface sc.ml.secusecum.Repository.RolesRepository; If you want this repository to be a JDBC repository, consider annotating your entities with one of these annotations: org.springframework.data.relational.core.mapping.Table.
2022-11-28 17:12:38.079  INFO 12604 --- [main] .s.d.r.c.RepositoryConfigurationDelegate : Finished Spring Data repository scanning in 28 ms. Found 0 JDBC repository interfaces.
2022-11-28 17:12:38.095  INFO 12604 --- [main] .s.d.r.c.RepositoryConfigurationDelegate : Multiple Spring Data modules found, entering strict repository configuration mode
2022-11-28 17:12:38.095  INFO 12604 --- [main] .s.d.r.c.RepositoryConfigurationDelegate : Bootstrapping Spring Data JPA repositories in DEFAULT mode.
2022-11-28 17:12:38.126  INFO 12604 --- [main] .s.d.r.c.RepositoryConfigurationDelegate : Finished Spring Data repository scanning in 29 ms. Found 2 JPA repository interfaces.
2022-11-28 17:12:38.855  INFO 12604 --- [main] o.s.b.w.embedded.tomcat.TomcatWebServer  : Tomcat initialized with port(s): 8080 (http)
2022-11-28 17:12:38.871  INFO 12604 --- [main] o.apache.catalina.core.StandardService   : Starting service [Tomcat]
2022-11-28 17:12:38.871  INFO 12604 --- [main] org.apache.catalina.core.StandardEngine  : Starting Servlet engine: [Apache Tomcat/9.0.68]
2022-11-28 17:12:39.028  INFO 12604 --- [main] o.a.c.c.C.[Tomcat].[localhost].[/]       : Initializing Spring embedded WebApplicationContext
2022-11-28 17:12:39.028  INFO 12604 --- [main] w.s.c.ServletWebServerApplicationContext : Root WebApplicationContext: initialization completed in 1729 ms
2022-11-28 17:12:39.234  INFO 12604 --- [main] o.hibernate.jpa.internal.util.LogHelper  : HHH000204: Processing PersistenceUnitInfo [name: default]
2022-11-28 17:12:39.298  INFO 12604 --- [main] org.hibernate.Version                    : HHH000412: Hibernate ORM core version 5.6.12.Final
2022-11-28 17:12:39.438  INFO 12604 --- [main] o.hibernate.annotations.common.Version   : HCANN000001: Hibernate Commons Annotations {5.1.2.Final}
2022-11-28 17:12:39.532  INFO 12604 --- [main] com.zaxxer.hikari.HikariDataSource       : HikariPool-1 - Starting...
2022-11-28 17:12:39.784  INFO 12604 --- [main] com.zaxxer.hikari.HikariDataSource       : HikariPool-1 - Start completed.
2022-11-28 17:12:39.784  INFO 12604 --- [main] org.hibernate.dialect.Dialect            : HHH000400: Using dialect: org.hibernate.dialect.MySQL5Dialect
2022-11-28 17:12:40.430  INFO 12604 --- [main] o.h.e.t.j.p.i.JtaPlatformInitiator       : HHH000490: Using JtaPlatform implementation: [org.hibernate.engine.transaction.jta.platform.internal.NoJtaPlatform]
2022-11-28 17:12:40.430  INFO 12604 --- [main] j.LocalContainerEntityManagerFactoryBean : Initialized JPA EntityManagerFactory for persistence unit 'default'
2022-11-28 17:12:41.120  INFO 12604 --- [main] o.s.s.web.DefaultSecurityFilterChain     : Will secure any request with [org.springframework.security.web.session.DisableEncodeUrlFilter@12811f95, org.springframework.security.web.context.request.async.WebAsyncManagerIntegrationFilter@68f1b89, org.springframework.security.web.context.SecurityContextPersistenceFilter@50628080, org.springframework.security.web.header.HeaderWriterFilter@602b7944, org.springframework.security.web.authentication.logout.LogoutFilter@f833223, org.springframework.security.oauth2.client.web.OAuth2AuthorizationRequestRedirectFilter@28fef9a2, org.springframework.security.oauth2.client.web.OAuth2LoginAuthenticationFilter@7dfab58d, org.springframework.security.web.authentication.UsernamePasswordAuthenticationFilter@29d29657, org.springframework.security.web.authentication.ui.DefaultLoginPageGeneratingFilter@1756a471, org.springframework.security.web.authentication.ui.DefaultLogoutPageGeneratingFilter@2d1f3639, org.springframework.security.oauth2.server.resource.web.BearerTokenAuthenticationFilter@5b31a9e3, org.springframework.security.web.authentication.www.BasicAuthenticationFilter@6ac83e67, org.springframework.security.web.savedrequest.RequestCacheAwareFilter@1add90e0, org.springframework.security.web.servletapi.SecurityContextHolderAwareRequestFilter@7bf94e91, org.springframework.security.web.authentication.AnonymousAuthenticationFilter@6e5b3642, org.springframework.security.web.session.SessionManagementFilter@55821edf, org.springframework.security.web.access.ExceptionTranslationFilter@69dc7b24, org.springframework.security.web.access.intercept.FilterSecurityInterceptor@8b1bfdf]
2022-11-28 17:12:41.184  WARN 12604 --- [main] JpaBaseConfiguration$JpaWebConfiguration : spring.jpa.open-in-view is enabled by default. Therefore, database queries may be performed during view rendering. Explicitly configure spring.jpa.open-in-view to disable this warning
2022-11-28 17:12:41.560  INFO 12604 --- [main] o.s.b.w.embedded.tomcat.TomcatWebServer  : Tomcat started on port(s): 8080 (http) with context path ''
2022-11-28 17:12:41.560  INFO 12604 --- [main] sc.ml.secusecum.SecuSecumApplication     : Started SecuSecumApplication in 4.774 seconds (JVM running for 5.191)
2022-11-28 17:22:12.421  INFO 12604 --- [SpringApplicationShutdownHook] j.LocalContainerEntityManagerFactoryBean : Closing JPA EntityManagerFactory for persistence unit 'default'
2022-11-28 17:22:12.491  INFO 12604 --- [SpringApplicationShutdownHook] com.zaxxer.hikari.HikariDataSource       : HikariPool-1 - Shutdown initiated...
2022-11-28 17:22:12.539  INFO 12604 --- [SpringApplicationShutdownHook] com.zaxxer.hikari.HikariDataSource       : HikariPool-1 - Shutdown completed.
2022-11-28 17:22:17.474  INFO 11904 --- [main] sc.ml.secusecum.SecuSecumApplication     : Starting SecuSecumApplication using Java 18.0.2 on DCIREODCPR32 with PID 11904 (C:\Users\kddiawara\Desktop\secu-secum\target\classes started by kddiawara in C:\Users\kddiawara\Desktop\secu-secum)
2022-11-28 17:22:17.478  INFO 11904 --- [main] sc.ml.secusecum.SecuSecumApplication     : No active profile set, falling back to 1 default profile: "default"
2022-11-28 17:22:18.552  INFO 11904 --- [main] .s.d.r.c.RepositoryConfigurationDelegate : Multiple Spring Data modules found, entering strict repository configuration mode
2022-11-28 17:22:18.555  INFO 11904 --- [main] .s.d.r.c.RepositoryConfigurationDelegate : Bootstrapping Spring Data JDBC repositories in DEFAULT mode.
2022-11-28 17:22:18.606  INFO 11904 --- [main] .RepositoryConfigurationExtensionSupport : Spring Data JDBC - Could not safely identify store assignment for repository candidate interface sc.ml.secusecum.Repository.PersonnesRepo; If you want this repository to be a JDBC repository, consider annotating your entities with one of these annotations: org.springframework.data.relational.core.mapping.Table.
2022-11-28 17:22:18.608  INFO 11904 --- [main] .RepositoryConfigurationExtensionSupport : Spring Data JDBC - Could not safely identify store assignment for repository candidate interface sc.ml.secusecum.Repository.RolesRepository; If you want this repository to be a JDBC repository, consider annotating your entities with one of these annotations: org.springframework.data.relational.core.mapping.Table.
2022-11-28 17:22:18.609  INFO 11904 --- [main] .s.d.r.c.RepositoryConfigurationDelegate : Finished Spring Data repository scanning in 44 ms. Found 0 JDBC repository interfaces.
2022-11-28 17:22:18.622  INFO 11904 --- [main] .s.d.r.c.RepositoryConfigurationDelegate : Multiple Spring Data modules found, entering strict repository configuration mode
2022-11-28 17:22:18.624  INFO 11904 --- [main] .s.d.r.c.RepositoryConfigurationDelegate : Bootstrapping Spring Data JPA repositories in DEFAULT mode.
2022-11-28 17:22:18.734  INFO 11904 --- [main] .s.d.r.c.RepositoryConfigurationDelegate : Finished Spring Data repository scanning in 96 ms. Found 2 JPA repository interfaces.
2022-11-28 17:22:19.831  INFO 11904 --- [main] o.s.b.w.embedded.tomcat.TomcatWebServer  : Tomcat initialized with port(s): 8080 (http)
2022-11-28 17:22:19.847  INFO 11904 --- [main] o.apache.catalina.core.StandardService   : Starting service [Tomcat]
2022-11-28 17:22:19.848  INFO 11904 --- [main] org.apache.catalina.core.StandardEngine  : Starting Servlet engine: [Apache Tomcat/9.0.68]
2022-11-28 17:22:20.114  INFO 11904 --- [main] o.a.c.c.C.[Tomcat].[localhost].[/]       : Initializing Spring embedded WebApplicationContext
2022-11-28 17:22:20.114  INFO 11904 --- [main] w.s.c.ServletWebServerApplicationContext : Root WebApplicationContext: initialization completed in 2568 ms
2022-11-28 17:22:20.348  INFO 11904 --- [main] o.hibernate.jpa.internal.util.LogHelper  : HHH000204: Processing PersistenceUnitInfo [name: default]
2022-11-28 17:22:20.408  INFO 11904 --- [main] org.hibernate.Version                    : HHH000412: Hibernate ORM core version 5.6.12.Final
2022-11-28 17:22:20.582  INFO 11904 --- [main] o.hibernate.annotations.common.Version   : HCANN000001: Hibernate Commons Annotations {5.1.2.Final}
2022-11-28 17:22:20.691  INFO 11904 --- [main] com.zaxxer.hikari.HikariDataSource       : HikariPool-1 - Starting...
2022-11-28 17:22:21.082  INFO 11904 --- [main] com.zaxxer.hikari.HikariDataSource       : HikariPool-1 - Start completed.
2022-11-28 17:22:21.099  INFO 11904 --- [main] org.hibernate.dialect.Dialect            : HHH000400: Using dialect: org.hibernate.dialect.MySQL5Dialect
2022-11-28 17:22:21.852  INFO 11904 --- [main] o.h.e.t.j.p.i.JtaPlatformInitiator       : HHH000490: Using JtaPlatform implementation: [org.hibernate.engine.transaction.jta.platform.internal.NoJtaPlatform]
2022-11-28 17:22:21.860  INFO 11904 --- [main] j.LocalContainerEntityManagerFactoryBean : Initialized JPA EntityManagerFactory for persistence unit 'default'
2022-11-28 17:22:22.691  INFO 11904 --- [main] o.s.s.web.DefaultSecurityFilterChain     : Will secure any request with [org.springframework.security.web.session.DisableEncodeUrlFilter@2f3c7b24, org.springframework.security.web.context.request.async.WebAsyncManagerIntegrationFilter@7dbd70fd, org.springframework.security.web.context.SecurityContextPersistenceFilter@af96ac9, org.springframework.security.web.header.HeaderWriterFilter@6f740044, org.springframework.security.web.authentication.logout.LogoutFilter@55821edf, org.springframework.security.oauth2.client.web.OAuth2AuthorizationRequestRedirectFilter@7efba9b9, org.springframework.security.oauth2.client.web.OAuth2LoginAuthenticationFilter@4b8cde43, org.springframework.security.web.authentication.UsernamePasswordAuthenticationFilter@34c6b52e, org.springframework.security.web.authentication.ui.DefaultLoginPageGeneratingFilter@759b05d1, org.springframework.security.web.authentication.ui.DefaultLogoutPageGeneratingFilter@2cb53bfc, org.springframework.security.oauth2.server.resource.web.BearerTokenAuthenticationFilter@1f1c7fde, org.springframework.security.web.authentication.www.BasicAuthenticationFilter@737445ab, org.springframework.security.web.savedrequest.RequestCacheAwareFilter@21948bd1, org.springframework.security.web.servletapi.SecurityContextHolderAwareRequestFilter@22617270, org.springframework.security.web.authentication.AnonymousAuthenticationFilter@779448b8, org.springframework.security.web.session.SessionManagementFilter@278150a1, org.springframework.security.web.access.ExceptionTranslationFilter@49b180c8, org.springframework.security.web.access.intercept.FilterSecurityInterceptor@7f2542f]
2022-11-28 17:22:22.770  WARN 11904 --- [main] JpaBaseConfiguration$JpaWebConfiguration : spring.jpa.open-in-view is enabled by default. Therefore, database queries may be performed during view rendering. Explicitly configure spring.jpa.open-in-view to disable this warning
2022-11-28 17:22:23.687  INFO 11904 --- [main] o.s.b.w.embedded.tomcat.TomcatWebServer  : Tomcat started on port(s): 8080 (http) with context path ''
2022-11-28 17:22:23.695  INFO 11904 --- [main] sc.ml.secusecum.SecuSecumApplication     : Started SecuSecumApplication in 6.509 seconds (JVM running for 7.05)
2022-11-28 17:36:14.491  INFO 11904 --- [http-nio-8080-exec-1] o.a.c.c.C.[Tomcat].[localhost].[/]       : Initializing Spring DispatcherServlet 'dispatcherServlet'
2022-11-28 17:36:14.511  INFO 11904 --- [http-nio-8080-exec-1] o.s.web.servlet.DispatcherServlet        : Initializing Servlet 'dispatcherServlet'
2022-11-28 17:36:14.674  INFO 11904 --- [http-nio-8080-exec-1] o.s.web.servlet.DispatcherServlet        : Completed initialization in 163 ms
